[16-06-20 02:51:15] HTTP server listening on port 8080
[16-06-20 02:51:15] WebSocket server listening on 8080
[16-06-20 02:51:17] New socket connection from id: TSXRgqiCWne8yRn9AAAA
[16-06-20 02:51:23] HTTP server listening on port 8080
[16-06-20 02:51:23] WebSocket server listening on 8080
[16-06-20 02:51:23] New socket connection from id: zD5Up-p5htV05KuGAAAA
[16-06-20 02:52:18] HTTP server listening on port 8080
[16-06-20 02:52:18] WebSocket server listening on 8080
[16-06-20 02:52:20] New socket connection from ip: undefined
[16-06-20 02:52:24] HTTP server listening on port 8080
[16-06-20 02:52:24] WebSocket server listening on 8080
[16-06-20 02:52:24] New socket connection from ip: ::1
[16-06-20 02:52:49] HTTP server listening on port 8080
[16-06-20 02:52:49] WebSocket server listening on 8080
[16-06-20 02:52:51] New socket connection from ip: ::1, unique id: 7W0rQzo24-UqCalpAAAA
[16-06-20 03:11:04] HTTP server listening on port 8080
[16-06-20 03:11:04] WebSocket server listening on 8080
[16-06-20 03:11:05] New socket connection from ip: ::1, unique id: Q2m7dtTGe6lNQxo5AAAA
[16-06-20 03:11:12] New socket connection from ip: ::1, unique id: qJ1bfjS0_61x7G4-AAAB
[16-06-20 03:11:28] HTTP server listening on port 8080
[16-06-20 03:11:28] WebSocket server listening on 8080
[16-06-20 03:11:28] New socket connection from ip: ::1, unique id: QNTLHDsXxz7TX4IRAAAA
[16-06-20 03:11:30] New socket connection from ip: ::1, unique id: WpmATpvyOYtWfHp_AAAB
[16-06-20 03:12:50] New socket connection from ip: ::1, unique id: 7HcseLMEU0cMIHLtAAAC
[16-06-20 03:19:16] HTTP server listening on port 8080
[16-06-20 03:19:16] WebSocket server listening on 8080
[16-06-20 03:19:16] New socket connection from ip: ::1, unique id: jru-gz5sOMdHMYicAAAA
[16-06-20 03:19:18] New socket connection from ip: ::1, unique id: lCBoInIW8DjhXPaLAAAB
[16-06-20 03:24:30] HTTP server listening on port 8080
[16-06-20 03:24:30] WebSocket server listening on 8080
[16-06-20 03:24:31] New socket connection from ip: ::1, unique id: X-G4yZ0D-5ChdSEFAAAA
[16-06-20 03:24:43] HTTP server listening on port 8080
[16-06-20 03:24:43] WebSocket server listening on 8080
[16-06-20 03:24:43] New socket connection from ip: ::ffff:127.0.0.1, unique id: EDr3u3IDv2e1cVwQAAAA
[16-06-20 03:24:44] New socket connection from ip: ::1, unique id: 7qeD4lAnehuv25SFAAAB
